Build started 2015/6/4 10:43:09.
     1>Project "F:\Github\Swordland\Sword_Art_Offline\Sword_Art_Offline\Sword_Art_Offline.vcxproj" on node 2 (Build target(s)).
     1>ClCompile:
         D:\Visual Studio\VC\bin\CL.exe /c /ZI /nologo /W3 /WX- /sdl /Od /Oy- /D _MBCS /Gm /EHsc /RTC1 /MDd /GS /fp:precise /Zc:wchar_t /Zc:forScope /Fo"Debug\\" /Fd"Debug\vc120.pdb" /Gd /TP /analyze- /errorReport:prompt mainframe.cpp map.cpp player.cpp
         player.cpp
     1>f:\github\swordland\sword_art_offline\sword_art_offline\player.cpp(157): error C2660: '__MAP::getEnemyHp' : function does not take 0 arguments
     1>f:\github\swordland\sword_art_offline\sword_art_offline\player.cpp(157): error C2660: '__MAP::setEnemyHp' : function does not take 1 arguments
         map.cpp
     1>f:\github\swordland\sword_art_offline\sword_art_offline\map.cpp(22): error C2065: 'enemyHp' : undeclared identifier
         mainframe.cpp
     1>f:\github\swordland\sword_art_offline\sword_art_offline\mainframe.cpp(273): error C2352: '__PLAYER::skillEffect' : illegal call of non-static member function
                 f:\github\swordland\sword_art_offline\sword_art_offline\player.h(26) : see declaration of '__PLAYER::skillEffect'
         Generating Code...
     1>Done Building Project "F:\Github\Swordland\Sword_Art_Offline\Sword_Art_Offline\Sword_Art_Offline.vcxproj" (Build target(s)) -- FAILED.

Build FAILED.

Time Elapsed 00:00:01.95
